Ant farm was successfully initialized!
Reached end of rooms' declarations. Starts: 1, ends: 1
Array of rooms is built.
Adjacency matrix initialized.
Successfully reached end of the input.
Farm description successfully processed.
Ant farm was successfully initialized!
Reached end of rooms' declarations. Starts: 1, ends: 1
Array of rooms is built.
Adjacency matrix initialized.
Successfully reached end of the input.
Farm description successfully processed.
Ant farm was successfully initialized!
Reached end of rooms' declarations. Starts: 1, ends: 1
Array of rooms is built.
Adjacency matrix initialized.
Successfully reached end of the input.
Farm description successfully processed.
Ant farm was successfully initialized!
Reached end of rooms' declarations. Starts: 1, ends: 1
Array of rooms is built.
Adjacency matrix initialized.
Successfully reached end of the input.
Ant farm was successfully initialized!
Reached end of rooms' declarations. Starts: 1, ends: 1
Array of rooms is built.
Adjacency matrix initialized.
Successfully reached end of the input.
Farm description successfully processed.
Ant farm was successfully initialized!
Reached end of rooms' declarations. Starts: 1, ends: 1
Array of rooms is built.
Adjacency matrix initialized.
Successfully reached end of the input.
Farm description successfully processed.
Ant farm was successfully initialized!
Reached end of rooms' declarations. Starts: 1, ends: 1
Array of rooms is built.
Adjacency matrix initialized.
Successfully reached end of the input.
Farm description successfully processed.
Ant farm was successfully initialized!
Reached end of rooms' declarations. Starts: 1, ends: 1
Array of rooms is built.
Adjacency matrix initialized.
Successfully reached end of the input.
Farm description successfully processed.
Ant farm was successfully initialized!
Reached end of rooms' declarations. Starts: 1, ends: 1
Array of rooms is built.
Adjacency matrix initialized.
Successfully reached end of the input.
Farm description successfully processed.
Ant farm was successfully initialized!
Reached end of rooms' declarations. Starts: 1, ends: 1
Array of rooms is built.
Adjacency matrix initialized.
Successfully reached end of the input.
Farm description successfully processed.
Ant farm was successfully initialized!
Reached end of rooms' declarations. Starts: 1, ends: 1
Array of rooms is built.
Adjacency matrix initialized.
Successfully reached end of the input.
Farm description successfully processed.
Ant farm was successfully initialized!
Too many start headers. Aborting.
Too many end headers. Aborting.
Reached end of rooms' declarations. Starts: 1, ends: 1
Array of rooms is built.
Ant farm was successfully initialized!
Reached end of rooms' declarations. Starts: 1, ends: 1
Array of rooms is built.
Adjacency matrix initialized.
Successfully reached end of the input.
Farm description successfully processed.
Ant farm was successfully initialized!
Reached end of rooms' declarations. Starts: 1, ends: 0
Wrong number of start or end headers; Aborting.
Ant farm was successfully initialized!
Reached end of rooms' declarations. Starts: 0, ends: 0
Wrong number of start or end headers; Aborting.
Ant farm was successfully initialized!
Reached end of rooms' declarations. Starts: 1, ends: 1
Array of rooms is built.
Adjacency matrix initialized.
Successfully reached end of the input.
Farm description successfully processed.
Ant farm was successfully initialized!
Number of ants equals 0.
Ant farm was successfully initialized!
Number of ants equals 0.
Ant farm was successfully initialized!
Reached end of rooms' declarations. Starts: 1, ends: 1
Array of rooms is built.
Adjacency matrix initialized.
Successfully reached end of the input.
